Analysis & Synthesis report for processor
Mon Aug 12 10:20:19 2024
Quartus II 64-Bit Version 13.0.1 Build 232 06/12/2013 Service Pack 1 SJ Web Edition


---------------------
; Table of Contents ;
---------------------
  1. Legal Notice
  2. Analysis & Synthesis Summary
  3. Analysis & Synthesis Settings
  4. Parallel Compilation
  5. Port Connectivity Checks: "control:controlunit|instreg:instructionreg|flipflop:ff15"
  6. Port Connectivity Checks: "control:controlunit|instreg:instructionreg|flipflop:ff14"
  7. Port Connectivity Checks: "control:controlunit|instreg:instructionreg|flipflop:ff13"
  8. Port Connectivity Checks: "control:controlunit|instreg:instructionreg|flipflop:ff12"
  9. Port Connectivity Checks: "control:controlunit|instreg:instructionreg|flipflop:ff11"
 10. Port Connectivity Checks: "control:controlunit|instreg:instructionreg|flipflop:ff10"
 11. Port Connectivity Checks: "control:controlunit|instreg:instructionreg|flipflop:ff9"
 12. Port Connectivity Checks: "control:controlunit|instreg:instructionreg|flipflop:ff8"
 13. Port Connectivity Checks: "control:controlunit|instreg:instructionreg|flipflop:ff7"
 14. Port Connectivity Checks: "control:controlunit|instreg:instructionreg|flipflop:ff6"
 15. Port Connectivity Checks: "control:controlunit|instreg:instructionreg|flipflop:ff5"
 16. Port Connectivity Checks: "control:controlunit|instreg:instructionreg|flipflop:ff4"
 17. Port Connectivity Checks: "control:controlunit|instreg:instructionreg|flipflop:ff3"
 18. Port Connectivity Checks: "control:controlunit|instreg:instructionreg|flipflop:ff2"
 19. Port Connectivity Checks: "control:controlunit|instreg:instructionreg|flipflop:ff1"
 20. Port Connectivity Checks: "control:controlunit|instreg:instructionreg|flipflop:ff0"
 21. Port Connectivity Checks: "control:controlunit|reg4:statereg|flipflop:ff3"
 22. Port Connectivity Checks: "control:controlunit|reg4:statereg|flipflop:ff2"
 23. Port Connectivity Checks: "control:controlunit|reg4:statereg|flipflop:ff1"
 24. Port Connectivity Checks: "control:controlunit|reg4:statereg|flipflop:ff0"
 25. Port Connectivity Checks: "control:controlunit|reg4:statereg"
 26. Port Connectivity Checks: "control:controlunit"
 27. Port Connectivity Checks: "operational:operationalunit|comparator16:comp1"
 28. Port Connectivity Checks: "operational:operationalunit|alu:alu0"
 29. Port Connectivity Checks: "operational:operationalunit|comparator16:comp0"
 30. Port Connectivity Checks: "operational:operationalunit|mux3x1_16bits:mux"
 31. Port Connectivity Checks: "RAM:randomaccessmemory"
 32. Port Connectivity Checks: "ROM:readonlymemory"
 33. Analysis & Synthesis Messages



----------------
; Legal Notice ;
----------------
Copyright (C) 1991-2013 Altera Corporation
Your use of Altera Corporation's design tools, logic functions 
and other software and tools, and its AMPP partner logic 
functions, and any output files from any of the foregoing 
(including device programming or simulation files), and any 
associated documentation or information are expressly subject 
to the terms and conditions of the Altera Program License 
Subscription Agreement, Altera MegaCore Function License 
Agreement, or other applicable license agreement, including, 
without limitation, that your use is for the sole purpose of 
programming logic devices manufactured by Altera and sold by 
Altera or its authorized distributors.  Please refer to the 
applicable agreement for further details.



+--------------------------------------------------------------------------------------+
; Analysis & Synthesis Summary                                                         ;
+------------------------------------+-------------------------------------------------+
; Analysis & Synthesis Status        ; Failed - Mon Aug 12 10:20:19 2024               ;
; Quartus II 64-Bit Version          ; 13.0.1 Build 232 06/12/2013 SP 1 SJ Web Edition ;
; Revision Name                      ; processor                                       ;
; Top-level Entity Name              ; processor                                       ;
; Family                             ; Cyclone II                                      ;
; Total logic elements               ; N/A until Partition Merge                       ;
;     Total combinational functions  ; N/A until Partition Merge                       ;
;     Dedicated logic registers      ; N/A until Partition Merge                       ;
; Total registers                    ; N/A until Partition Merge                       ;
; Total pins                         ; N/A until Partition Merge                       ;
; Total virtual pins                 ; N/A until Partition Merge                       ;
; Total memory bits                  ; N/A until Partition Merge                       ;
; Embedded Multiplier 9-bit elements ; N/A until Partition Merge                       ;
; Total PLLs                         ; N/A until Partition Merge                       ;
+------------------------------------+-------------------------------------------------+


+----------------------------------------------------------------------------------------------------------------------+
; Analysis & Synthesis Settings                                                                                        ;
+----------------------------------------------------------------------------+--------------------+--------------------+
; Option                                                                     ; Setting            ; Default Value      ;
+----------------------------------------------------------------------------+--------------------+--------------------+
; Device                                                                     ; EP2C35F672C6       ;                    ;
; Top-level entity name                                                      ; processor          ; processor          ;
; Family name                                                                ; Cyclone II         ; Cyclone IV GX      ;
; Use smart compilation                                                      ; Off                ; Off                ;
; Enable parallel Assembler and TimeQuest Timing Analyzer during compilation ; On                 ; On                 ;
; Enable compact report table                                                ; Off                ; Off                ;
; Restructure Multiplexers                                                   ; Auto               ; Auto               ;
; Create Debugging Nodes for IP Cores                                        ; Off                ; Off                ;
; Preserve fewer node names                                                  ; On                 ; On                 ;
; Disable OpenCore Plus hardware evaluation                                  ; Off                ; Off                ;
; Verilog Version                                                            ; Verilog_2001       ; Verilog_2001       ;
; VHDL Version                                                               ; VHDL_1993          ; VHDL_1993          ;
; State Machine Processing                                                   ; Auto               ; Auto               ;
; Safe State Machine                                                         ; Off                ; Off                ;
; Extract Verilog State Machines                                             ; On                 ; On                 ;
; Extract VHDL State Machines                                                ; On                 ; On                 ;
; Ignore Verilog initial constructs                                          ; Off                ; Off                ;
; Iteration limit for constant Verilog loops                                 ; 5000               ; 5000               ;
; Iteration limit for non-constant Verilog loops                             ; 250                ; 250                ;
; Add Pass-Through Logic to Inferred RAMs                                    ; On                 ; On                 ;
; Infer RAMs from Raw Logic                                                  ; On                 ; On                 ;
; Parallel Synthesis                                                         ; On                 ; On                 ;
; DSP Block Balancing                                                        ; Auto               ; Auto               ;
; NOT Gate Push-Back                                                         ; On                 ; On                 ;
; Power-Up Don't Care                                                        ; On                 ; On                 ;
; Remove Redundant Logic Cells                                               ; Off                ; Off                ;
; Remove Duplicate Registers                                                 ; On                 ; On                 ;
; Ignore CARRY Buffers                                                       ; Off                ; Off                ;
; Ignore CASCADE Buffers                                                     ; Off                ; Off                ;
; Ignore GLOBAL Buffers                                                      ; Off                ; Off                ;
; Ignore ROW GLOBAL Buffers                                                  ; Off                ; Off                ;
; Ignore LCELL Buffers                                                       ; Off                ; Off                ;
; Ignore SOFT Buffers                                                        ; On                 ; On                 ;
; Limit AHDL Integers to 32 Bits                                             ; Off                ; Off                ;
; Optimization Technique                                                     ; Balanced           ; Balanced           ;
; Carry Chain Length                                                         ; 70                 ; 70                 ;
; Auto Carry Chains                                                          ; On                 ; On                 ;
; Auto Open-Drain Pins                                                       ; On                 ; On                 ;
; Perform WYSIWYG Primitive Resynthesis                                      ; Off                ; Off                ;
; Auto ROM Replacement                                                       ; On                 ; On                 ;
; Auto RAM Replacement                                                       ; On                 ; On                 ;
; Auto Shift Register Replacement                                            ; Auto               ; Auto               ;
; Allow Shift Register Merging across Hierarchies                            ; Auto               ; Auto               ;
; Auto Clock Enable Replacement                                              ; On                 ; On                 ;
; Strict RAM Replacement                                                     ; Off                ; Off                ;
; Allow Synchronous Control Signals                                          ; On                 ; On                 ;
; Force Use of Synchronous Clear Signals                                     ; Off                ; Off                ;
; Auto RAM to Logic Cell Conversion                                          ; Off                ; Off                ;
; Auto Resource Sharing                                                      ; Off                ; Off                ;
; Allow Any RAM Size For Recognition                                         ; Off                ; Off                ;
; Allow Any ROM Size For Recognition                                         ; Off                ; Off                ;
; Allow Any Shift Register Size For Recognition                              ; Off                ; Off                ;
; Use LogicLock Constraints during Resource Balancing                        ; On                 ; On                 ;
; Ignore translate_off and synthesis_off directives                          ; Off                ; Off                ;
; Timing-Driven Synthesis                                                    ; Off                ; Off                ;
; Report Parameter Settings                                                  ; On                 ; On                 ;
; Report Source Assignments                                                  ; On                 ; On                 ;
; Report Connectivity Checks                                                 ; On                 ; On                 ;
; Ignore Maximum Fan-Out Assignments                                         ; Off                ; Off                ;
; Synchronization Register Chain Length                                      ; 2                  ; 2                  ;
; PowerPlay Power Optimization                                               ; Normal compilation ; Normal compilation ;
; HDL message level                                                          ; Level2             ; Level2             ;
; Suppress Register Optimization Related Messages                            ; Off                ; Off                ;
; Number of Removed Registers Reported in Synthesis Report                   ; 5000               ; 5000               ;
; Number of Swept Nodes Reported in Synthesis Report                         ; 5000               ; 5000               ;
; Number of Inverted Registers Reported in Synthesis Report                  ; 100                ; 100                ;
; Clock MUX Protection                                                       ; On                 ; On                 ;
; Auto Gated Clock Conversion                                                ; Off                ; Off                ;
; Block Design Naming                                                        ; Auto               ; Auto               ;
; SDC constraint protection                                                  ; Off                ; Off                ;
; Synthesis Effort                                                           ; Auto               ; Auto               ;
; Shift Register Replacement - Allow Asynchronous Clear Signal               ; On                 ; On                 ;
; Pre-Mapping Resynthesis Optimization                                       ; Off                ; Off                ;
; Analysis & Synthesis Message Level                                         ; Medium             ; Medium             ;
; Disable Register Merging Across Hierarchies                                ; Auto               ; Auto               ;
; Resource Aware Inference For Block RAM                                     ; On                 ; On                 ;
; Synthesis Seed                                                             ; 1                  ; 1                  ;
+----------------------------------------------------------------------------+--------------------+--------------------+


Parallel compilation was disabled, but you have multiple processors available. Enable parallel compilation to reduce compilation time.
+-------------------------------------+
; Parallel Compilation                ;
+----------------------------+--------+
; Processors                 ; Number ;
+----------------------------+--------+
; Number detected on machine ; 4      ;
; Maximum allowed            ; 1      ;
+----------------------------+--------+


+-------------------------------------------------------------------------------------------------------------------------------------------------------------------------+
; Port Connectivity Checks: "control:controlunit|instreg:instructionreg|flipflop:ff15"                                                                                    ;
+-------+-------+----------+----------------------------------------------------------------------------------------------------------------------------------------------+
; Port  ; Type  ; Severity ; Details                                                                                                                                      ;
+-------+-------+----------+----------------------------------------------------------------------------------------------------------------------------------------------+
; reset ; Input ; Warning  ; Declared by entity but not connected by instance. If a default value exists, it will be used.  Otherwise, the port will be connected to GND. ;
+-------+-------+----------+----------------------------------------------------------------------------------------------------------------------------------------------+


+-------------------------------------------------------------------------------------------------------------------------------------------------------------------------+
; Port Connectivity Checks: "control:controlunit|instreg:instructionreg|flipflop:ff14"                                                                                    ;
+-------+-------+----------+----------------------------------------------------------------------------------------------------------------------------------------------+
; Port  ; Type  ; Severity ; Details                                                                                                                                      ;
+-------+-------+----------+----------------------------------------------------------------------------------------------------------------------------------------------+
; reset ; Input ; Warning  ; Declared by entity but not connected by instance. If a default value exists, it will be used.  Otherwise, the port will be connected to GND. ;
+-------+-------+----------+----------------------------------------------------------------------------------------------------------------------------------------------+


+-------------------------------------------------------------------------------------------------------------------------------------------------------------------------+
; Port Connectivity Checks: "control:controlunit|instreg:instructionreg|flipflop:ff13"                                                                                    ;
+-------+-------+----------+----------------------------------------------------------------------------------------------------------------------------------------------+
; Port  ; Type  ; Severity ; Details                                                                                                                                      ;
+-------+-------+----------+----------------------------------------------------------------------------------------------------------------------------------------------+
; reset ; Input ; Warning  ; Declared by entity but not connected by instance. If a default value exists, it will be used.  Otherwise, the port will be connected to GND. ;
+-------+-------+----------+----------------------------------------------------------------------------------------------------------------------------------------------+


+-------------------------------------------------------------------------------------------------------------------------------------------------------------------------+
; Port Connectivity Checks: "control:controlunit|instreg:instructionreg|flipflop:ff12"                                                                                    ;
+-------+-------+----------+----------------------------------------------------------------------------------------------------------------------------------------------+
; Port  ; Type  ; Severity ; Details                                                                                                                                      ;
+-------+-------+----------+----------------------------------------------------------------------------------------------------------------------------------------------+
; reset ; Input ; Warning  ; Declared by entity but not connected by instance. If a default value exists, it will be used.  Otherwise, the port will be connected to GND. ;
+-------+-------+----------+----------------------------------------------------------------------------------------------------------------------------------------------+


+-------------------------------------------------------------------------------------------------------------------------------------------------------------------------+
; Port Connectivity Checks: "control:controlunit|instreg:instructionreg|flipflop:ff11"                                                                                    ;
+-------+-------+----------+----------------------------------------------------------------------------------------------------------------------------------------------+
; Port  ; Type  ; Severity ; Details                                                                                                                                      ;
+-------+-------+----------+----------------------------------------------------------------------------------------------------------------------------------------------+
; reset ; Input ; Warning  ; Declared by entity but not connected by instance. If a default value exists, it will be used.  Otherwise, the port will be connected to GND. ;
+-------+-------+----------+----------------------------------------------------------------------------------------------------------------------------------------------+


+-------------------------------------------------------------------------------------------------------------------------------------------------------------------------+
; Port Connectivity Checks: "control:controlunit|instreg:instructionreg|flipflop:ff10"                                                                                    ;
+-------+-------+----------+----------------------------------------------------------------------------------------------------------------------------------------------+
; Port  ; Type  ; Severity ; Details                                                                                                                                      ;
+-------+-------+----------+----------------------------------------------------------------------------------------------------------------------------------------------+
; reset ; Input ; Warning  ; Declared by entity but not connected by instance. If a default value exists, it will be used.  Otherwise, the port will be connected to GND. ;
+-------+-------+----------+----------------------------------------------------------------------------------------------------------------------------------------------+


+-------------------------------------------------------------------------------------------------------------------------------------------------------------------------+
; Port Connectivity Checks: "control:controlunit|instreg:instructionreg|flipflop:ff9"                                                                                     ;
+-------+-------+----------+----------------------------------------------------------------------------------------------------------------------------------------------+
; Port  ; Type  ; Severity ; Details                                                                                                                                      ;
+-------+-------+----------+----------------------------------------------------------------------------------------------------------------------------------------------+
; reset ; Input ; Warning  ; Declared by entity but not connected by instance. If a default value exists, it will be used.  Otherwise, the port will be connected to GND. ;
+-------+-------+----------+----------------------------------------------------------------------------------------------------------------------------------------------+


+-------------------------------------------------------------------------------------------------------------------------------------------------------------------------+
; Port Connectivity Checks: "control:controlunit|instreg:instructionreg|flipflop:ff8"                                                                                     ;
+-------+-------+----------+----------------------------------------------------------------------------------------------------------------------------------------------+
; Port  ; Type  ; Severity ; Details                                                                                                                                      ;
+-------+-------+----------+----------------------------------------------------------------------------------------------------------------------------------------------+
; reset ; Input ; Warning  ; Declared by entity but not connected by instance. If a default value exists, it will be used.  Otherwise, the port will be connected to GND. ;
+-------+-------+----------+----------------------------------------------------------------------------------------------------------------------------------------------+


+-------------------------------------------------------------------------------------------------------------------------------------------------------------------------+
; Port Connectivity Checks: "control:controlunit|instreg:instructionreg|flipflop:ff7"                                                                                     ;
+-------+-------+----------+----------------------------------------------------------------------------------------------------------------------------------------------+
; Port  ; Type  ; Severity ; Details                                                                                                                                      ;
+-------+-------+----------+----------------------------------------------------------------------------------------------------------------------------------------------+
; reset ; Input ; Warning  ; Declared by entity but not connected by instance. If a default value exists, it will be used.  Otherwise, the port will be connected to GND. ;
+-------+-------+----------+----------------------------------------------------------------------------------------------------------------------------------------------+


+-------------------------------------------------------------------------------------------------------------------------------------------------------------------------+
; Port Connectivity Checks: "control:controlunit|instreg:instructionreg|flipflop:ff6"                                                                                     ;
+-------+-------+----------+----------------------------------------------------------------------------------------------------------------------------------------------+
; Port  ; Type  ; Severity ; Details                                                                                                                                      ;
+-------+-------+----------+----------------------------------------------------------------------------------------------------------------------------------------------+
; reset ; Input ; Warning  ; Declared by entity but not connected by instance. If a default value exists, it will be used.  Otherwise, the port will be connected to GND. ;
+-------+-------+----------+----------------------------------------------------------------------------------------------------------------------------------------------+


+-------------------------------------------------------------------------------------------------------------------------------------------------------------------------+
; Port Connectivity Checks: "control:controlunit|instreg:instructionreg|flipflop:ff5"                                                                                     ;
+-------+-------+----------+----------------------------------------------------------------------------------------------------------------------------------------------+
; Port  ; Type  ; Severity ; Details                                                                                                                                      ;
+-------+-------+----------+----------------------------------------------------------------------------------------------------------------------------------------------+
; reset ; Input ; Warning  ; Declared by entity but not connected by instance. If a default value exists, it will be used.  Otherwise, the port will be connected to GND. ;
+-------+-------+----------+----------------------------------------------------------------------------------------------------------------------------------------------+


+-------------------------------------------------------------------------------------------------------------------------------------------------------------------------+
; Port Connectivity Checks: "control:controlunit|instreg:instructionreg|flipflop:ff4"                                                                                     ;
+-------+-------+----------+----------------------------------------------------------------------------------------------------------------------------------------------+
; Port  ; Type  ; Severity ; Details                                                                                                                                      ;
+-------+-------+----------+----------------------------------------------------------------------------------------------------------------------------------------------+
; reset ; Input ; Warning  ; Declared by entity but not connected by instance. If a default value exists, it will be used.  Otherwise, the port will be connected to GND. ;
+-------+-------+----------+----------------------------------------------------------------------------------------------------------------------------------------------+


+-------------------------------------------------------------------------------------------------------------------------------------------------------------------------+
; Port Connectivity Checks: "control:controlunit|instreg:instructionreg|flipflop:ff3"                                                                                     ;
+-------+-------+----------+----------------------------------------------------------------------------------------------------------------------------------------------+
; Port  ; Type  ; Severity ; Details                                                                                                                                      ;
+-------+-------+----------+----------------------------------------------------------------------------------------------------------------------------------------------+
; reset ; Input ; Warning  ; Declared by entity but not connected by instance. If a default value exists, it will be used.  Otherwise, the port will be connected to GND. ;
+-------+-------+----------+----------------------------------------------------------------------------------------------------------------------------------------------+


+-------------------------------------------------------------------------------------------------------------------------------------------------------------------------+
; Port Connectivity Checks: "control:controlunit|instreg:instructionreg|flipflop:ff2"                                                                                     ;
+-------+-------+----------+----------------------------------------------------------------------------------------------------------------------------------------------+
; Port  ; Type  ; Severity ; Details                                                                                                                                      ;
+-------+-------+----------+----------------------------------------------------------------------------------------------------------------------------------------------+
; reset ; Input ; Warning  ; Declared by entity but not connected by instance. If a default value exists, it will be used.  Otherwise, the port will be connected to GND. ;
+-------+-------+----------+----------------------------------------------------------------------------------------------------------------------------------------------+


+-------------------------------------------------------------------------------------------------------------------------------------------------------------------------+
; Port Connectivity Checks: "control:controlunit|instreg:instructionreg|flipflop:ff1"                                                                                     ;
+-------+-------+----------+----------------------------------------------------------------------------------------------------------------------------------------------+
; Port  ; Type  ; Severity ; Details                                                                                                                                      ;
+-------+-------+----------+----------------------------------------------------------------------------------------------------------------------------------------------+
; reset ; Input ; Warning  ; Declared by entity but not connected by instance. If a default value exists, it will be used.  Otherwise, the port will be connected to GND. ;
+-------+-------+----------+----------------------------------------------------------------------------------------------------------------------------------------------+


+-------------------------------------------------------------------------------------------------------------------------------------------------------------------------+
; Port Connectivity Checks: "control:controlunit|instreg:instructionreg|flipflop:ff0"                                                                                     ;
+-------+-------+----------+----------------------------------------------------------------------------------------------------------------------------------------------+
; Port  ; Type  ; Severity ; Details                                                                                                                                      ;
+-------+-------+----------+----------------------------------------------------------------------------------------------------------------------------------------------+
; reset ; Input ; Warning  ; Declared by entity but not connected by instance. If a default value exists, it will be used.  Otherwise, the port will be connected to GND. ;
+-------+-------+----------+----------------------------------------------------------------------------------------------------------------------------------------------+


+-------------------------------------------------------------------------------------------------------------------------------------------------------------------------+
; Port Connectivity Checks: "control:controlunit|reg4:statereg|flipflop:ff3"                                                                                              ;
+-------+-------+----------+----------------------------------------------------------------------------------------------------------------------------------------------+
; Port  ; Type  ; Severity ; Details                                                                                                                                      ;
+-------+-------+----------+----------------------------------------------------------------------------------------------------------------------------------------------+
; reset ; Input ; Warning  ; Declared by entity but not connected by instance. If a default value exists, it will be used.  Otherwise, the port will be connected to GND. ;
+-------+-------+----------+----------------------------------------------------------------------------------------------------------------------------------------------+


+-------------------------------------------------------------------------------------------------------------------------------------------------------------------------+
; Port Connectivity Checks: "control:controlunit|reg4:statereg|flipflop:ff2"                                                                                              ;
+-------+-------+----------+----------------------------------------------------------------------------------------------------------------------------------------------+
; Port  ; Type  ; Severity ; Details                                                                                                                                      ;
+-------+-------+----------+----------------------------------------------------------------------------------------------------------------------------------------------+
; reset ; Input ; Warning  ; Declared by entity but not connected by instance. If a default value exists, it will be used.  Otherwise, the port will be connected to GND. ;
+-------+-------+----------+----------------------------------------------------------------------------------------------------------------------------------------------+


+-------------------------------------------------------------------------------------------------------------------------------------------------------------------------+
; Port Connectivity Checks: "control:controlunit|reg4:statereg|flipflop:ff1"                                                                                              ;
+-------+-------+----------+----------------------------------------------------------------------------------------------------------------------------------------------+
; Port  ; Type  ; Severity ; Details                                                                                                                                      ;
+-------+-------+----------+----------------------------------------------------------------------------------------------------------------------------------------------+
; reset ; Input ; Warning  ; Declared by entity but not connected by instance. If a default value exists, it will be used.  Otherwise, the port will be connected to GND. ;
+-------+-------+----------+----------------------------------------------------------------------------------------------------------------------------------------------+


+-------------------------------------------------------------------------------------------------------------------------------------------------------------------------+
; Port Connectivity Checks: "control:controlunit|reg4:statereg|flipflop:ff0"                                                                                              ;
+-------+-------+----------+----------------------------------------------------------------------------------------------------------------------------------------------+
; Port  ; Type  ; Severity ; Details                                                                                                                                      ;
+-------+-------+----------+----------------------------------------------------------------------------------------------------------------------------------------------+
; reset ; Input ; Warning  ; Declared by entity but not connected by instance. If a default value exists, it will be used.  Otherwise, the port will be connected to GND. ;
+-------+-------+----------+----------------------------------------------------------------------------------------------------------------------------------------------+


+-------------------------------------------------------------------------------------------------------------------------------------------------------------------------+
; Port Connectivity Checks: "control:controlunit|reg4:statereg"                                                                                                           ;
+-------+-------+----------+----------------------------------------------------------------------------------------------------------------------------------------------+
; Port  ; Type  ; Severity ; Details                                                                                                                                      ;
+-------+-------+----------+----------------------------------------------------------------------------------------------------------------------------------------------+
; load  ; Input ; Info     ; Stuck at VCC                                                                                                                                 ;
; reset ; Input ; Warning  ; Declared by entity but not connected by instance. If a default value exists, it will be used.  Otherwise, the port will be connected to GND. ;
+-------+-------+----------+----------------------------------------------------------------------------------------------------------------------------------------------+


+----------------------------------------------------------------------------------------------------------------+
; Port Connectivity Checks: "control:controlunit"                                                                ;
+------+--------+----------+-------------------------------------------------------------------------------------+
; Port ; Type   ; Severity ; Details                                                                             ;
+------+--------+----------+-------------------------------------------------------------------------------------+
; i_rd ; Output ; Info     ; Connected to dangling logic. Logic that only feeds a dangling port will be removed. ;
+------+--------+----------+-------------------------------------------------------------------------------------+


+----------------------------------------------------------------------------------------------------------------+
; Port Connectivity Checks: "operational:operationalunit|comparator16:comp1"                                     ;
+------+--------+----------+-------------------------------------------------------------------------------------+
; Port ; Type   ; Severity ; Details                                                                             ;
+------+--------+----------+-------------------------------------------------------------------------------------+
; b    ; Input  ; Info     ; Stuck at GND                                                                        ;
; gt   ; Output ; Info     ; Connected to dangling logic. Logic that only feeds a dangling port will be removed. ;
+------+--------+----------+-------------------------------------------------------------------------------------+


+----------------------------------------------------------------------------------------------------------------------------------------------------------------------------------+
; Port Connectivity Checks: "operational:operationalunit|alu:alu0"                                                                                                                 ;
+------+---------+------------------+----------------------------------------------------------------------------------------------------------------------------------------------+
; Port ; Type    ; Severity         ; Details                                                                                                                                      ;
+------+---------+------------------+----------------------------------------------------------------------------------------------------------------------------------------------+
; si   ; Unknown ; Critical Warning ; Named port was not declared by the instantiated entity                                                                                       ;
; s0   ; Input   ; Warning          ; Declared by entity but not connected by instance. If a default value exists, it will be used.  Otherwise, the port will be connected to GND. ;
; s1   ; Input   ; Warning          ; Declared by entity but not connected by instance. If a default value exists, it will be used.  Otherwise, the port will be connected to GND. ;
+------+---------+------------------+----------------------------------------------------------------------------------------------------------------------------------------------+


+----------------------------------------------------------------------------------------------------------------+
; Port Connectivity Checks: "operational:operationalunit|comparator16:comp0"                                     ;
+------+--------+----------+-------------------------------------------------------------------------------------+
; Port ; Type   ; Severity ; Details                                                                             ;
+------+--------+----------+-------------------------------------------------------------------------------------+
; eq   ; Output ; Info     ; Connected to dangling logic. Logic that only feeds a dangling port will be removed. ;
+------+--------+----------+-------------------------------------------------------------------------------------+


+----------------------------------------------------------------------------------------------------------------------------------------------------------------------------------+
; Port Connectivity Checks: "operational:operationalunit|mux3x1_16bits:mux"                                                                                                        ;
+------+---------+------------------+----------------------------------------------------------------------------------------------------------------------------------------------+
; Port ; Type    ; Severity         ; Details                                                                                                                                      ;
+------+---------+------------------+----------------------------------------------------------------------------------------------------------------------------------------------+
; a    ; Input   ; Critical Warning ; Can't connect expression with 1 array dimensions to port with 2 array dimensions                                                             ;
; B    ; Unknown ; Critical Warning ; Named port was not declared by the instantiated entity                                                                                       ;
; C    ; Unknown ; Critical Warning ; Named port was not declared by the instantiated entity                                                                                       ;
; sel  ; Unknown ; Critical Warning ; Named port was not declared by the instantiated entity                                                                                       ;
; D    ; Unknown ; Critical Warning ; Named port was not declared by the instantiated entity                                                                                       ;
; s    ; Input   ; Warning          ; Declared by entity but not connected by instance. If a default value exists, it will be used.  Otherwise, the port will be connected to GND. ;
; z    ; Output  ; Warning          ; Declared by entity but not connected by instance. Logic that only feeds a dangling port will be removed.                                     ;
+------+---------+------------------+----------------------------------------------------------------------------------------------------------------------------------------------+


+----------------------------------------------------+
; Port Connectivity Checks: "RAM:randomaccessmemory" ;
+------------+-------+----------+--------------------+
; Port       ; Type  ; Severity ; Details            ;
+------------+-------+----------+--------------------+
; mem_enable ; Input ; Info     ; Stuck at VCC       ;
+------------+-------+----------+--------------------+


+------------------------------------------------+
; Port Connectivity Checks: "ROM:readonlymemory" ;
+------------+-------+----------+----------------+
; Port       ; Type  ; Severity ; Details        ;
+------------+-------+----------+----------------+
; rom_enable ; Input ; Info     ; Stuck at VCC   ;
+------------+-------+----------+----------------+


+-------------------------------+
; Analysis & Synthesis Messages ;
+-------------------------------+
Info: *******************************************************************
Info: Running Quartus II 64-Bit Analysis & Synthesis
    Info: Version 13.0.1 Build 232 06/12/2013 Service Pack 1 SJ Web Edition
    Info: Processing started: Mon Aug 12 10:20:19 2024
Info: Command: quartus_map --read_settings_files=on --write_settings_files=off processor -c processor
Warning (20028): Parallel compilation is not licensed and has been disabled
Warning (12125): Using design file processor.vhd, which is not specified as a design file for the current project, but contains definitions for 2 design units and 1 entities in project
    Info (12022): Found design unit 1: processor-hardware
    Info (12023): Found entity 1: processor
Info (12127): Elaborating entity "processor" for the top level hierarchy
Warning (10541): VHDL Signal Declaration warning at processor.vhd(9): used implicit default value for signal "D_R_data" because signal was never assigned a value or an explicit default value. Use of implicit default value may introduce unintended design optimizations.
Warning (10541): VHDL Signal Declaration warning at processor.vhd(12): used implicit default value for signal "c_rfwdata" because signal was never assigned a value or an explicit default value. Use of implicit default value may introduce unintended design optimizations.
Warning (10541): VHDL Signal Declaration warning at processor.vhd(13): used implicit default value for signal "c_daddr" because signal was never assigned a value or an explicit default value. Use of implicit default value may introduce unintended design optimizations.
Warning (10036): Verilog HDL or VHDL warning at processor.vhd(16): object "c_ird" assigned a value but never read
Warning (12125): Using design file ROM.vhd, which is not specified as a design file for the current project, but contains definitions for 2 design units and 1 entities in project
    Info (12022): Found design unit 1: ROM-behav
    Info (12023): Found entity 1: ROM
Info (12128): Elaborating entity "ROM" for hierarchy "ROM:readonlymemory"
Warning (10492): VHDL Process Statement warning at ROM.vhd(28): signal "rom_enable" is read inside the Process Statement but isn't in the Process Statement's sensitivity list
Warning (12125): Using design file RAM.vhd, which is not specified as a design file for the current project, but contains definitions for 2 design units and 1 entities in project
    Info (12022): Found design unit 1: RAM-behav
    Info (12023): Found entity 1: RAM
Info (12128): Elaborating entity "RAM" for hierarchy "RAM:randomaccessmemory"
Warning (10492): VHDL Process Statement warning at RAM.vhd(22): signal "mem_enable" is read inside the Process Statement but isn't in the Process Statement's sensitivity list
Warning (12125): Using design file operational.vhd, which is not specified as a design file for the current project, but contains definitions for 2 design units and 1 entities in project
    Info (12022): Found design unit 1: operational-behav
    Info (12023): Found entity 1: operational
Info (12128): Elaborating entity "operational" for hierarchy "operational:operationalunit"
Warning (10036): Verilog HDL or VHDL warning at operational.vhd(23): object "dummy0" assigned a value but never read
Warning (10036): Verilog HDL or VHDL warning at operational.vhd(23): object "dummy1" assigned a value but never read
Warning (12125): Using design file mux3x1_16bits.vhd, which is not specified as a design file for the current project, but contains definitions for 3 design units and 1 entities in project
    Info (12022): Found design unit 1: bus_array_pkg
    Info (12022): Found design unit 2: mux3x1_16bits-main
    Info (12023): Found entity 1: mux3x1_16bits
Info (12128): Elaborating entity "mux3x1_16bits" for hierarchy "operational:operationalunit|mux3x1_16bits:mux"
Warning (12125): Using design file regfile.vhd, which is not specified as a design file for the current project, but contains definitions for 2 design units and 1 entities in project
    Info (12022): Found design unit 1: regfile-behavior
    Info (12023): Found entity 1: regfile
Info (12128): Elaborating entity "regfile" for hierarchy "operational:operationalunit|regfile:reg"
Warning (10492): VHDL Process Statement warning at regfile.vhd(29): signal "W_wr" is read inside the Process Statement but isn't in the Process Statement's sensitivity list
Warning (12125): Using design file comparator16.vhd, which is not specified as a design file for the current project, but contains definitions for 2 design units and 1 entities in project
    Info (12022): Found design unit 1: comparator16-behavior
    Info (12023): Found entity 1: comparator16
Info (12128): Elaborating entity "comparator16" for hierarchy "operational:operationalunit|comparator16:comp0"
Warning (12125): Using design file alu.vhd, which is not specified as a design file for the current project, but contains definitions for 2 design units and 1 entities in project
    Info (12022): Found design unit 1: alu-behavior
    Info (12023): Found entity 1: alu
Info (12128): Elaborating entity "alu" for hierarchy "operational:operationalunit|alu:alu0"
Warning (12090): Entity "mux" obtained from "control.vhd" instead of from Quartus II megafunction library
Warning (12125): Using design file control.vhd, which is not specified as a design file for the current project, but contains definitions for 16 design units and 8 entities in project
    Info (12022): Found design unit 1: flipflop-behavioral
    Info (12022): Found design unit 2: reg4-structural
    Info (12022): Found design unit 3: combinacional-comb
    Info (12022): Found design unit 4: instreg-behav
    Info (12022): Found design unit 5: pc-behavioral
    Info (12022): Found design unit 6: adder-behavioral
    Info (12022): Found design unit 7: mux-behavioral
    Info (12022): Found design unit 8: control-controller
    Info (12023): Found entity 1: flipflop
    Info (12023): Found entity 2: reg4
    Info (12023): Found entity 3: combinacional
    Info (12023): Found entity 4: instreg
    Info (12023): Found entity 5: pc
    Info (12023): Found entity 6: adder
    Info (12023): Found entity 7: mux
    Info (12023): Found entity 8: control
Info (12128): Elaborating entity "control" for hierarchy "control:controlunit"
Info (12128): Elaborating entity "reg4" for hierarchy "control:controlunit|reg4:statereg"
Info (12128): Elaborating entity "flipflop" for hierarchy "control:controlunit|reg4:statereg|flipflop:ff0"
Warning (10492): VHDL Process Statement warning at control.vhd(20): signal "load" is read inside the Process Statement but isn't in the Process Statement's sensitivity list
Info (12128): Elaborating entity "combinacional" for hierarchy "control:controlunit|combinacional:comb"
Info (12128): Elaborating entity "instreg" for hierarchy "control:controlunit|instreg:instructionreg"
Info (12128): Elaborating entity "pc" for hierarchy "control:controlunit|pc:programcounter"
Info (12128): Elaborating entity "adder" for hierarchy "control:controlunit|adder:add"
Info (12128): Elaborating entity "mux" for hierarchy "control:controlunit|mux:multiplexador"
Error (12002): Port "si" does not exist in macrofunction "alu0" File: /home/murilo/Documentos/GitHub/lab-circuitos-digitais/projeto-final/operational.vhd Line: 70
Error (12005): Actual width (16) of port "A" on instance "operational:operationalunit|mux3x1_16bits:mux" is not compatible with the formal port width (256) declared by the instantiated entity File: /home/murilo/Documentos/GitHub/lab-circuitos-digitais/projeto-final/operational.vhd Line: 66
Error (12002): Port "B" does not exist in macrofunction "mux" File: /home/murilo/Documentos/GitHub/lab-circuitos-digitais/projeto-final/operational.vhd Line: 66
Error (12002): Port "C" does not exist in macrofunction "mux" File: /home/murilo/Documentos/GitHub/lab-circuitos-digitais/projeto-final/operational.vhd Line: 66
Error (12002): Port "D" does not exist in macrofunction "mux" File: /home/murilo/Documentos/GitHub/lab-circuitos-digitais/projeto-final/operational.vhd Line: 66
Error (12002): Port "sel" does not exist in macrofunction "mux" File: /home/murilo/Documentos/GitHub/lab-circuitos-digitais/projeto-final/operational.vhd Line: 66
Warning (12241): 23 hierarchies have connectivity warnings - see the Connectivity Checks report folder
Error: Quartus II 64-Bit Analysis & Synthesis was unsuccessful. 6 errors, 22 warnings
    Error: Peak virtual memory: 587 megabytes
    Error: Processing ended: Mon Aug 12 10:20:20 2024
    Error: Elapsed time: 00:00:01
    Error: Total CPU time (on all processors): 00:00:01


